[2020-06-17 05:34:37] name.INFO: Robot started and battery indicates charging 100% [] []
[2020-06-17 05:34:37] name.INFO: floor hard has 70 tiles and each one have size of 1m X 1m [] []
[2020-06-17 05:34:37] name.INFO: Cleaning tile 1 on floor hard [] []
[2020-06-17 05:34:38] name.INFO: Cleaning tile 2 on floor hard [] []
[2020-06-17 05:34:39] name.INFO: Cleaning tile 3 on floor hard [] []
[2020-06-17 05:34:40] name.INFO: Cleaning tile 4 on floor hard [] []
[2020-06-17 05:34:41] name.INFO: Cleaning tile 5 on floor hard [] []
[2020-06-17 05:34:42] name.INFO: Cleaning tile 6 on floor hard [] []
[2020-06-17 05:34:43] name.INFO: Cleaning tile 7 on floor hard [] []
[2020-06-17 05:34:44] name.INFO: Cleaning tile 8 on floor hard [] []
[2020-06-17 05:34:45] name.INFO: Cleaning tile 9 on floor hard [] []
[2020-06-17 05:34:46] name.INFO: Cleaning tile 10 on floor hard [] []
[2020-06-17 05:34:47] name.INFO: Cleaning tile 11 on floor hard [] []
[2020-06-17 05:34:48] name.INFO: Cleaning tile 12 on floor hard [] []
[2020-06-17 05:34:49] name.INFO: Cleaning tile 13 on floor hard [] []
[2020-06-17 05:34:50] name.INFO: Cleaning tile 14 on floor hard [] []
[2020-06-17 05:34:51] name.INFO: Cleaning tile 15 on floor hard [] []
[2020-06-17 05:34:52] name.INFO: Cleaning tile 16 on floor hard [] []
[2020-06-17 05:34:53] name.INFO: Cleaning tile 17 on floor hard [] []
[2020-06-17 05:34:54] name.INFO: Cleaning tile 18 on floor hard [] []
[2020-06-17 05:34:55] name.INFO: Cleaning tile 19 on floor hard [] []
[2020-06-17 05:34:56] name.INFO: Cleaning tile 20 on floor hard [] []
[2020-06-17 05:34:57] name.INFO: Cleaning tile 21 on floor hard [] []
[2020-06-17 05:34:58] name.INFO: Cleaning tile 22 on floor hard [] []
[2020-06-17 05:34:59] name.INFO: Cleaning tile 23 on floor hard [] []
[2020-06-17 05:35:00] name.INFO: Cleaning tile 24 on floor hard [] []
[2020-06-17 05:35:01] name.INFO: Cleaning tile 25 on floor hard [] []
[2020-06-17 05:35:02] name.INFO: Cleaning tile 26 on floor hard [] []
[2020-06-17 05:35:03] name.INFO: Cleaning tile 27 on floor hard [] []
[2020-06-17 05:35:04] name.INFO: Cleaning tile 28 on floor hard [] []
[2020-06-17 05:35:05] name.INFO: Cleaning tile 29 on floor hard [] []
[2020-06-17 05:35:06] name.INFO: Cleaning tile 30 on floor hard [] []
[2020-06-17 05:35:07] name.INFO: Cleaning tile 31 on floor hard [] []
[2020-06-17 05:35:08] name.INFO: Cleaning tile 32 on floor hard [] []
[2020-06-17 05:35:09] name.INFO: Cleaning tile 33 on floor hard [] []
[2020-06-17 05:35:10] name.INFO: Cleaning tile 34 on floor hard [] []
[2020-06-17 05:35:11] name.INFO: Cleaning tile 35 on floor hard [] []
[2020-06-17 05:35:12] name.INFO: Cleaning tile 36 on floor hard [] []
[2020-06-17 05:35:13] name.INFO: Cleaning tile 37 on floor hard [] []
[2020-06-17 05:35:14] name.INFO: Cleaning tile 38 on floor hard [] []
[2020-06-17 05:35:15] name.INFO: Cleaning tile 39 on floor hard [] []
[2020-06-17 05:35:16] name.INFO: Cleaning tile 40 on floor hard [] []
[2020-06-17 05:35:17] name.INFO: Cleaning tile 41 on floor hard [] []
[2020-06-17 05:35:18] name.INFO: Cleaning tile 42 on floor hard [] []
[2020-06-17 05:35:19] name.INFO: Cleaning tile 43 on floor hard [] []
[2020-06-17 05:35:20] name.INFO: Cleaning tile 44 on floor hard [] []
[2020-06-17 05:35:21] name.INFO: Cleaning tile 45 on floor hard [] []
[2020-06-17 05:35:22] name.INFO: Cleaning tile 46 on floor hard [] []
[2020-06-17 05:35:23] name.INFO: Cleaning tile 47 on floor hard [] []
[2020-06-17 05:35:24] name.INFO: Cleaning tile 48 on floor hard [] []
[2020-06-17 05:35:25] name.INFO: Cleaning tile 49 on floor hard [] []
[2020-06-17 05:35:26] name.INFO: Cleaning tile 50 on floor hard [] []
[2020-06-17 05:35:27] name.INFO: Cleaning tile 51 on floor hard [] []
[2020-06-17 05:35:28] name.INFO: Cleaning tile 52 on floor hard [] []
[2020-06-17 05:35:29] name.INFO: Cleaning tile 53 on floor hard [] []
[2020-06-17 05:35:30] name.INFO: Cleaning tile 54 on floor hard [] []
[2020-06-17 05:35:31] name.INFO: Cleaning tile 55 on floor hard [] []
[2020-06-17 05:35:32] name.INFO: Cleaning tile 56 on floor hard [] []
[2020-06-17 05:35:33] name.INFO: Cleaning tile 57 on floor hard [] []
[2020-06-17 05:35:34] name.INFO: Cleaning tile 58 on floor hard [] []
[2020-06-17 05:35:35] name.INFO: Cleaning tile 59 on floor hard [] []
[2020-06-17 05:35:36] name.INFO: Cleaning tile 60 on floor hard [] []
[2020-06-17 05:35:37] name.WARNING: Robot battery exhausted and it indicates charging 0% [] []
[2020-06-17 05:35:37] name.INFO: Robot charging started and it tooks 30 seconds!! [] []
[2020-06-17 05:36:07] name.INFO: Robot fully charged!! [] []
[2020-06-17 05:36:07] name.INFO: Cleaning tile 61 on floor hard [] []
[2020-06-17 05:36:08] name.INFO: Cleaning tile 62 on floor hard [] []
[2020-06-17 05:36:09] name.INFO: Cleaning tile 63 on floor hard [] []
[2020-06-17 05:36:10] name.INFO: Cleaning tile 64 on floor hard [] []
[2020-06-17 05:36:11] name.INFO: Cleaning tile 65 on floor hard [] []
[2020-06-17 05:36:12] name.INFO: Cleaning tile 66 on floor hard [] []
[2020-06-17 05:36:13] name.INFO: Cleaning tile 67 on floor hard [] []
[2020-06-17 05:36:14] name.INFO: Cleaning tile 68 on floor hard [] []
[2020-06-17 05:36:15] name.INFO: Cleaning tile 69 on floor hard [] []
[2020-06-17 05:36:16] name.INFO: Cleaning tile 70 on floor hard [] []
