[2020-06-23 08:21:06] name.INFO: Robot started and battery indicates charging 100% [] []
[2020-06-23 08:21:06] name.INFO: floor hard has 70 tiles and each one have size of 1m X 1m [] []
[2020-06-23 08:21:06] name.INFO: Robot is cleaning "1" tile on floor "hard" and battery indicates charging 98.33% [] []
[2020-06-23 08:21:07] name.INFO: Robot is cleaning "2" tile on floor "hard" and battery indicates charging 96.67% [] []
[2020-06-23 08:21:08] name.INFO: Robot is cleaning "3" tile on floor "hard" and battery indicates charging 95% [] []
[2020-06-23 08:21:09] name.INFO: Robot is cleaning "4" tile on floor "hard" and battery indicates charging 93.33% [] []
[2020-06-23 08:21:10] name.INFO: Robot is cleaning "5" tile on floor "hard" and battery indicates charging 91.67% [] []
[2020-06-23 08:21:11] name.INFO: Robot is cleaning "6" tile on floor "hard" and battery indicates charging 90% [] []
[2020-06-23 08:21:12] name.INFO: Robot is cleaning "7" tile on floor "hard" and battery indicates charging 88.33% [] []
[2020-06-23 08:21:13] name.INFO: Robot is cleaning "8" tile on floor "hard" and battery indicates charging 86.67% [] []
[2020-06-23 08:21:14] name.INFO: Robot is cleaning "9" tile on floor "hard" and battery indicates charging 85% [] []
[2020-06-23 08:21:15] name.INFO: Robot is cleaning "10" tile on floor "hard" and battery indicates charging 83.33% [] []
[2020-06-23 08:21:16] name.INFO: Robot is cleaning "11" tile on floor "hard" and battery indicates charging 81.67% [] []
[2020-06-23 08:21:17] name.INFO: Robot is cleaning "12" tile on floor "hard" and battery indicates charging 80% [] []
[2020-06-23 08:21:18] name.INFO: Robot is cleaning "13" tile on floor "hard" and battery indicates charging 78.33% [] []
[2020-06-23 08:21:19] name.INFO: Robot is cleaning "14" tile on floor "hard" and battery indicates charging 76.67% [] []
[2020-06-23 08:21:20] name.INFO: Robot is cleaning "15" tile on floor "hard" and battery indicates charging 75% [] []
[2020-06-23 08:21:21] name.INFO: Robot is cleaning "16" tile on floor "hard" and battery indicates charging 73.33% [] []
[2020-06-23 08:21:22] name.INFO: Robot is cleaning "17" tile on floor "hard" and battery indicates charging 71.67% [] []
[2020-06-23 08:21:23] name.INFO: Robot is cleaning "18" tile on floor "hard" and battery indicates charging 70% [] []
[2020-06-23 08:21:24] name.INFO: Robot is cleaning "19" tile on floor "hard" and battery indicates charging 68.33% [] []
[2020-06-23 08:21:25] name.INFO: Robot is cleaning "20" tile on floor "hard" and battery indicates charging 66.67% [] []
[2020-06-23 08:21:26] name.INFO: Robot is cleaning "21" tile on floor "hard" and battery indicates charging 65% [] []
[2020-06-23 08:21:27] name.INFO: Robot is cleaning "22" tile on floor "hard" and battery indicates charging 63.33% [] []
[2020-06-23 08:21:28] name.INFO: Robot is cleaning "23" tile on floor "hard" and battery indicates charging 61.67% [] []
[2020-06-23 08:21:29] name.INFO: Robot is cleaning "24" tile on floor "hard" and battery indicates charging 60% [] []
[2020-06-23 08:21:30] name.INFO: Robot is cleaning "25" tile on floor "hard" and battery indicates charging 58.33% [] []
[2020-06-23 08:21:31] name.INFO: Robot is cleaning "26" tile on floor "hard" and battery indicates charging 56.67% [] []
[2020-06-23 08:21:32] name.INFO: Robot is cleaning "27" tile on floor "hard" and battery indicates charging 55% [] []
[2020-06-23 08:21:33] name.INFO: Robot is cleaning "28" tile on floor "hard" and battery indicates charging 53.33% [] []
[2020-06-23 08:21:34] name.INFO: Robot is cleaning "29" tile on floor "hard" and battery indicates charging 51.67% [] []
[2020-06-23 08:21:35] name.INFO: Robot is cleaning "30" tile on floor "hard" and battery indicates charging 50% [] []
[2020-06-23 08:21:36] name.INFO: Robot is cleaning "31" tile on floor "hard" and battery indicates charging 48.33% [] []
[2020-06-23 08:21:37] name.INFO: Robot is cleaning "32" tile on floor "hard" and battery indicates charging 46.67% [] []
[2020-06-23 08:21:38] name.INFO: Robot is cleaning "33" tile on floor "hard" and battery indicates charging 45% [] []
[2020-06-23 08:21:39] name.INFO: Robot is cleaning "34" tile on floor "hard" and battery indicates charging 43.33% [] []
[2020-06-23 08:21:40] name.INFO: Robot is cleaning "35" tile on floor "hard" and battery indicates charging 41.67% [] []
[2020-06-23 08:21:41] name.INFO: Robot is cleaning "36" tile on floor "hard" and battery indicates charging 40% [] []
[2020-06-23 08:21:42] name.INFO: Robot is cleaning "37" tile on floor "hard" and battery indicates charging 38.33% [] []
[2020-06-23 08:21:43] name.INFO: Robot is cleaning "38" tile on floor "hard" and battery indicates charging 36.67% [] []
[2020-06-23 08:21:44] name.INFO: Robot is cleaning "39" tile on floor "hard" and battery indicates charging 35% [] []
[2020-06-23 08:21:45] name.INFO: Robot is cleaning "40" tile on floor "hard" and battery indicates charging 33.33% [] []
[2020-06-23 08:21:46] name.INFO: Robot is cleaning "41" tile on floor "hard" and battery indicates charging 31.67% [] []
[2020-06-23 08:21:47] name.INFO: Robot is cleaning "42" tile on floor "hard" and battery indicates charging 30% [] []
[2020-06-23 08:21:48] name.INFO: Robot is cleaning "43" tile on floor "hard" and battery indicates charging 28.33% [] []
[2020-06-23 08:21:49] name.INFO: Robot is cleaning "44" tile on floor "hard" and battery indicates charging 26.67% [] []
[2020-06-23 08:21:50] name.INFO: Robot is cleaning "45" tile on floor "hard" and battery indicates charging 25% [] []
[2020-06-23 08:21:51] name.INFO: Robot is cleaning "46" tile on floor "hard" and battery indicates charging 23.33% [] []
[2020-06-23 08:21:52] name.INFO: Robot is cleaning "47" tile on floor "hard" and battery indicates charging 21.67% [] []
[2020-06-23 08:21:53] name.INFO: Robot is cleaning "48" tile on floor "hard" and battery indicates charging 20% [] []
[2020-06-23 08:21:54] name.INFO: Robot is cleaning "49" tile on floor "hard" and battery indicates charging 18.33% [] []
[2020-06-23 08:21:55] name.INFO: Robot is cleaning "50" tile on floor "hard" and battery indicates charging 16.67% [] []
[2020-06-23 08:21:56] name.INFO: Robot is cleaning "51" tile on floor "hard" and battery indicates charging 15% [] []
[2020-06-23 08:21:57] name.INFO: Robot is cleaning "52" tile on floor "hard" and battery indicates charging 13.33% [] []
[2020-06-23 08:21:58] name.INFO: Robot is cleaning "53" tile on floor "hard" and battery indicates charging 11.67% [] []
[2020-06-23 08:21:59] name.INFO: Robot is cleaning "54" tile on floor "hard" and battery indicates charging 10% [] []
[2020-06-23 08:22:00] name.INFO: Robot is cleaning "55" tile on floor "hard" and battery indicates charging 8.33% [] []
[2020-06-23 08:22:01] name.INFO: Robot is cleaning "56" tile on floor "hard" and battery indicates charging 6.67% [] []
[2020-06-23 08:22:02] name.INFO: Robot is cleaning "57" tile on floor "hard" and battery indicates charging 5% [] []
[2020-06-23 08:22:03] name.INFO: Robot is cleaning "58" tile on floor "hard" and battery indicates charging 3.33% [] []
[2020-06-23 08:22:04] name.INFO: Robot is cleaning "59" tile on floor "hard" and battery indicates charging 1.67% [] []
[2020-06-23 08:22:05] name.INFO: Robot is cleaning "60" tile on floor "hard" and battery indicates charging 0% [] []
[2020-06-23 08:22:06] name.WARNING: Robot battery exhausted and it indicates charging 0% [] []
[2020-06-23 08:22:06] name.INFO: Robot charging started and it tooks 30 seconds!! [] []
[2020-06-23 08:22:36] name.INFO: Robot fully charged!! [] []
[2020-06-23 08:22:36] name.INFO: Robot is cleaning "61" tile on floor "hard" and battery indicates charging 98.33% [] []
[2020-06-23 08:22:37] name.INFO: Robot is cleaning "62" tile on floor "hard" and battery indicates charging 96.67% [] []
[2020-06-23 08:22:38] name.INFO: Robot is cleaning "63" tile on floor "hard" and battery indicates charging 95% [] []
[2020-06-23 08:22:39] name.INFO: Robot is cleaning "64" tile on floor "hard" and battery indicates charging 93.33% [] []
[2020-06-23 08:22:40] name.INFO: Robot is cleaning "65" tile on floor "hard" and battery indicates charging 91.67% [] []
[2020-06-23 08:22:41] name.INFO: Robot is cleaning "66" tile on floor "hard" and battery indicates charging 90% [] []
[2020-06-23 08:22:42] name.INFO: Robot is cleaning "67" tile on floor "hard" and battery indicates charging 88.33% [] []
[2020-06-23 08:22:43] name.INFO: Robot is cleaning "68" tile on floor "hard" and battery indicates charging 86.67% [] []
[2020-06-23 08:22:44] name.INFO: Robot is cleaning "69" tile on floor "hard" and battery indicates charging 85% [] []
[2020-06-23 08:22:45] name.INFO: Robot is cleaning "70" tile on floor "hard" and battery indicates charging 83.33% [] []
