[2020-06-23 08:23:47] name.INFO: Robot started and battery indicates charging 100% [] []
[2020-06-23 08:23:47] name.INFO: floor carpet has 60 tiles and each one have size of 1m X 1m [] []
[2020-06-23 08:23:47] name.INFO: Robot is cleaning "1" tile on floor "carpet" and battery indicates charging 96.67% [] []
[2020-06-23 08:23:49] name.INFO: Robot is cleaning "2" tile on floor "carpet" and battery indicates charging 93.33% [] []
[2020-06-23 08:23:51] name.INFO: Robot is cleaning "3" tile on floor "carpet" and battery indicates charging 90% [] []
[2020-06-23 08:23:53] name.INFO: Robot is cleaning "4" tile on floor "carpet" and battery indicates charging 86.67% [] []
[2020-06-23 08:23:55] name.INFO: Robot is cleaning "5" tile on floor "carpet" and battery indicates charging 83.33% [] []
[2020-06-23 08:23:57] name.INFO: Robot is cleaning "6" tile on floor "carpet" and battery indicates charging 80% [] []
[2020-06-23 08:23:59] name.INFO: Robot is cleaning "7" tile on floor "carpet" and battery indicates charging 76.67% [] []
[2020-06-23 08:24:01] name.INFO: Robot is cleaning "8" tile on floor "carpet" and battery indicates charging 73.33% [] []
[2020-06-23 08:24:03] name.INFO: Robot is cleaning "9" tile on floor "carpet" and battery indicates charging 70% [] []
[2020-06-23 08:24:05] name.INFO: Robot is cleaning "10" tile on floor "carpet" and battery indicates charging 66.67% [] []
[2020-06-23 08:24:07] name.INFO: Robot is cleaning "11" tile on floor "carpet" and battery indicates charging 63.33% [] []
[2020-06-23 08:24:09] name.INFO: Robot is cleaning "12" tile on floor "carpet" and battery indicates charging 60% [] []
[2020-06-23 08:24:11] name.INFO: Robot is cleaning "13" tile on floor "carpet" and battery indicates charging 56.67% [] []
[2020-06-23 08:24:13] name.INFO: Robot is cleaning "14" tile on floor "carpet" and battery indicates charging 53.33% [] []
[2020-06-23 08:24:15] name.INFO: Robot is cleaning "15" tile on floor "carpet" and battery indicates charging 50% [] []
[2020-06-23 08:24:17] name.INFO: Robot is cleaning "16" tile on floor "carpet" and battery indicates charging 46.67% [] []
[2020-06-23 08:24:19] name.INFO: Robot is cleaning "17" tile on floor "carpet" and battery indicates charging 43.33% [] []
[2020-06-23 08:24:21] name.INFO: Robot is cleaning "18" tile on floor "carpet" and battery indicates charging 40% [] []
[2020-06-23 08:24:23] name.INFO: Robot is cleaning "19" tile on floor "carpet" and battery indicates charging 36.67% [] []
[2020-06-23 08:24:25] name.INFO: Robot is cleaning "20" tile on floor "carpet" and battery indicates charging 33.33% [] []
[2020-06-23 08:24:27] name.INFO: Robot is cleaning "21" tile on floor "carpet" and battery indicates charging 30% [] []
[2020-06-23 08:24:29] name.INFO: Robot is cleaning "22" tile on floor "carpet" and battery indicates charging 26.67% [] []
[2020-06-23 08:24:31] name.INFO: Robot is cleaning "23" tile on floor "carpet" and battery indicates charging 23.33% [] []
[2020-06-23 08:24:33] name.INFO: Robot is cleaning "24" tile on floor "carpet" and battery indicates charging 20% [] []
[2020-06-23 08:24:35] name.INFO: Robot is cleaning "25" tile on floor "carpet" and battery indicates charging 16.67% [] []
[2020-06-23 08:24:37] name.INFO: Robot is cleaning "26" tile on floor "carpet" and battery indicates charging 13.33% [] []
[2020-06-23 08:24:39] name.INFO: Robot is cleaning "27" tile on floor "carpet" and battery indicates charging 10% [] []
[2020-06-23 08:24:41] name.INFO: Robot is cleaning "28" tile on floor "carpet" and battery indicates charging 6.67% [] []
[2020-06-23 08:24:43] name.INFO: Robot is cleaning "29" tile on floor "carpet" and battery indicates charging 3.33% [] []
[2020-06-23 08:24:45] name.INFO: Robot is cleaning "30" tile on floor "carpet" and battery indicates charging 0% [] []
[2020-06-23 08:24:47] name.WARNING: Robot battery exhausted and it indicates charging 0% [] []
[2020-06-23 08:24:47] name.INFO: Robot charging started and it tooks 30 seconds!! [] []
[2020-06-23 08:25:17] name.INFO: Robot fully charged!! [] []
[2020-06-23 08:25:17] name.INFO: Robot is cleaning "31" tile on floor "carpet" and battery indicates charging 96.67% [] []
[2020-06-23 08:25:19] name.INFO: Robot is cleaning "32" tile on floor "carpet" and battery indicates charging 93.33% [] []
[2020-06-23 08:25:21] name.INFO: Robot is cleaning "33" tile on floor "carpet" and battery indicates charging 90% [] []
[2020-06-23 08:25:23] name.INFO: Robot is cleaning "34" tile on floor "carpet" and battery indicates charging 86.67% [] []
[2020-06-23 08:25:25] name.INFO: Robot is cleaning "35" tile on floor "carpet" and battery indicates charging 83.33% [] []
[2020-06-23 08:25:27] name.INFO: Robot is cleaning "36" tile on floor "carpet" and battery indicates charging 80% [] []
[2020-06-23 08:25:29] name.INFO: Robot is cleaning "37" tile on floor "carpet" and battery indicates charging 76.67% [] []
[2020-06-23 08:25:31] name.INFO: Robot is cleaning "38" tile on floor "carpet" and battery indicates charging 73.33% [] []
[2020-06-23 08:25:33] name.INFO: Robot is cleaning "39" tile on floor "carpet" and battery indicates charging 70% [] []
[2020-06-23 08:25:35] name.INFO: Robot is cleaning "40" tile on floor "carpet" and battery indicates charging 66.67% [] []
[2020-06-23 08:25:37] name.INFO: Robot is cleaning "41" tile on floor "carpet" and battery indicates charging 63.33% [] []
[2020-06-23 08:25:39] name.INFO: Robot is cleaning "42" tile on floor "carpet" and battery indicates charging 60% [] []
[2020-06-23 08:25:41] name.INFO: Robot is cleaning "43" tile on floor "carpet" and battery indicates charging 56.67% [] []
[2020-06-23 08:25:43] name.INFO: Robot is cleaning "44" tile on floor "carpet" and battery indicates charging 53.33% [] []
[2020-06-23 08:25:45] name.INFO: Robot is cleaning "45" tile on floor "carpet" and battery indicates charging 50% [] []
[2020-06-23 08:25:47] name.INFO: Robot is cleaning "46" tile on floor "carpet" and battery indicates charging 46.67% [] []
[2020-06-23 08:25:49] name.INFO: Robot is cleaning "47" tile on floor "carpet" and battery indicates charging 43.33% [] []
[2020-06-23 08:25:51] name.INFO: Robot is cleaning "48" tile on floor "carpet" and battery indicates charging 40% [] []
[2020-06-23 08:25:54] name.INFO: Robot is cleaning "49" tile on floor "carpet" and battery indicates charging 36.67% [] []
[2020-06-23 08:25:56] name.INFO: Robot is cleaning "50" tile on floor "carpet" and battery indicates charging 33.33% [] []
[2020-06-23 08:25:58] name.INFO: Robot is cleaning "51" tile on floor "carpet" and battery indicates charging 30% [] []
[2020-06-23 08:26:00] name.INFO: Robot is cleaning "52" tile on floor "carpet" and battery indicates charging 26.67% [] []
[2020-06-23 08:26:02] name.INFO: Robot is cleaning "53" tile on floor "carpet" and battery indicates charging 23.33% [] []
[2020-06-23 08:26:04] name.INFO: Robot is cleaning "54" tile on floor "carpet" and battery indicates charging 20% [] []
[2020-06-23 08:26:06] name.INFO: Robot is cleaning "55" tile on floor "carpet" and battery indicates charging 16.67% [] []
[2020-06-23 08:26:08] name.INFO: Robot is cleaning "56" tile on floor "carpet" and battery indicates charging 13.33% [] []
[2020-06-23 08:26:10] name.INFO: Robot is cleaning "57" tile on floor "carpet" and battery indicates charging 10% [] []
[2020-06-23 08:26:12] name.INFO: Robot is cleaning "58" tile on floor "carpet" and battery indicates charging 6.67% [] []
[2020-06-23 08:26:14] name.INFO: Robot is cleaning "59" tile on floor "carpet" and battery indicates charging 3.33% [] []
[2020-06-23 08:26:16] name.INFO: Robot is cleaning "60" tile on floor "carpet" and battery indicates charging 0% [] []
[2020-06-23 08:26:18] name.WARNING: Robot battery exhausted and it indicates charging 0% [] []
[2020-06-23 08:26:18] name.INFO: Robot charging started and it tooks 30 seconds!! [] []
[2020-06-23 08:26:48] name.INFO: Robot fully charged!! [] []
