[2020-06-17 05:34:43] name.INFO: Robot started and battery indicates charging 100% [] []
[2020-06-17 05:34:43] name.INFO: floor carpet has 60 tiles and each one have size of 1m X 1m [] []
[2020-06-17 05:34:43] name.INFO: Cleaning tile 1 on floor carpet [] []
[2020-06-17 05:34:45] name.INFO: Cleaning tile 2 on floor carpet [] []
[2020-06-17 05:34:47] name.INFO: Cleaning tile 3 on floor carpet [] []
[2020-06-17 05:34:49] name.INFO: Cleaning tile 4 on floor carpet [] []
[2020-06-17 05:34:51] name.INFO: Cleaning tile 5 on floor carpet [] []
[2020-06-17 05:34:53] name.INFO: Cleaning tile 6 on floor carpet [] []
[2020-06-17 05:34:55] name.INFO: Cleaning tile 7 on floor carpet [] []
[2020-06-17 05:34:57] name.INFO: Cleaning tile 8 on floor carpet [] []
[2020-06-17 05:34:59] name.INFO: Cleaning tile 9 on floor carpet [] []
[2020-06-17 05:35:01] name.INFO: Cleaning tile 10 on floor carpet [] []
[2020-06-17 05:35:03] name.INFO: Cleaning tile 11 on floor carpet [] []
[2020-06-17 05:35:05] name.INFO: Cleaning tile 12 on floor carpet [] []
[2020-06-17 05:35:07] name.INFO: Cleaning tile 13 on floor carpet [] []
[2020-06-17 05:35:09] name.INFO: Cleaning tile 14 on floor carpet [] []
[2020-06-17 05:35:11] name.INFO: Cleaning tile 15 on floor carpet [] []
[2020-06-17 05:35:13] name.INFO: Cleaning tile 16 on floor carpet [] []
[2020-06-17 05:35:15] name.INFO: Cleaning tile 17 on floor carpet [] []
[2020-06-17 05:35:17] name.INFO: Cleaning tile 18 on floor carpet [] []
[2020-06-17 05:35:19] name.INFO: Cleaning tile 19 on floor carpet [] []
[2020-06-17 05:35:21] name.INFO: Cleaning tile 20 on floor carpet [] []
[2020-06-17 05:35:23] name.INFO: Cleaning tile 21 on floor carpet [] []
[2020-06-17 05:35:25] name.INFO: Cleaning tile 22 on floor carpet [] []
[2020-06-17 05:35:27] name.INFO: Cleaning tile 23 on floor carpet [] []
[2020-06-17 05:35:29] name.INFO: Cleaning tile 24 on floor carpet [] []
[2020-06-17 05:35:31] name.INFO: Cleaning tile 25 on floor carpet [] []
[2020-06-17 05:35:33] name.INFO: Cleaning tile 26 on floor carpet [] []
[2020-06-17 05:35:35] name.INFO: Cleaning tile 27 on floor carpet [] []
[2020-06-17 05:35:37] name.INFO: Cleaning tile 28 on floor carpet [] []
[2020-06-17 05:35:39] name.INFO: Cleaning tile 29 on floor carpet [] []
[2020-06-17 05:35:41] name.INFO: Cleaning tile 30 on floor carpet [] []
[2020-06-17 05:35:43] name.WARNING: Robot battery exhausted and it indicates charging 0% [] []
[2020-06-17 05:35:43] name.INFO: Robot charging started and it tooks 30 seconds!! [] []
[2020-06-17 05:36:13] name.INFO: Robot fully charged!! [] []
[2020-06-17 05:36:13] name.INFO: Cleaning tile 31 on floor carpet [] []
[2020-06-17 05:36:15] name.INFO: Cleaning tile 32 on floor carpet [] []
[2020-06-17 05:36:17] name.INFO: Cleaning tile 33 on floor carpet [] []
[2020-06-17 05:36:19] name.INFO: Cleaning tile 34 on floor carpet [] []
[2020-06-17 05:36:21] name.INFO: Cleaning tile 35 on floor carpet [] []
[2020-06-17 05:36:23] name.INFO: Cleaning tile 36 on floor carpet [] []
[2020-06-17 05:36:25] name.INFO: Cleaning tile 37 on floor carpet [] []
[2020-06-17 05:36:27] name.INFO: Cleaning tile 38 on floor carpet [] []
[2020-06-17 05:36:29] name.INFO: Cleaning tile 39 on floor carpet [] []
[2020-06-17 05:36:31] name.INFO: Cleaning tile 40 on floor carpet [] []
[2020-06-17 05:36:33] name.INFO: Cleaning tile 41 on floor carpet [] []
[2020-06-17 05:36:35] name.INFO: Cleaning tile 42 on floor carpet [] []
[2020-06-17 05:36:37] name.INFO: Cleaning tile 43 on floor carpet [] []
[2020-06-17 05:36:39] name.INFO: Cleaning tile 44 on floor carpet [] []
[2020-06-17 05:36:41] name.INFO: Cleaning tile 45 on floor carpet [] []
[2020-06-17 05:36:43] name.INFO: Cleaning tile 46 on floor carpet [] []
[2020-06-17 05:36:45] name.INFO: Cleaning tile 47 on floor carpet [] []
[2020-06-17 05:36:47] name.INFO: Cleaning tile 48 on floor carpet [] []
[2020-06-17 05:36:49] name.INFO: Cleaning tile 49 on floor carpet [] []
[2020-06-17 05:36:51] name.INFO: Cleaning tile 50 on floor carpet [] []
[2020-06-17 05:36:53] name.INFO: Cleaning tile 51 on floor carpet [] []
[2020-06-17 05:36:55] name.INFO: Cleaning tile 52 on floor carpet [] []
[2020-06-17 05:36:57] name.INFO: Cleaning tile 53 on floor carpet [] []
[2020-06-17 05:36:59] name.INFO: Cleaning tile 54 on floor carpet [] []
[2020-06-17 05:37:01] name.INFO: Cleaning tile 55 on floor carpet [] []
[2020-06-17 05:37:03] name.INFO: Cleaning tile 56 on floor carpet [] []
[2020-06-17 05:37:05] name.INFO: Cleaning tile 57 on floor carpet [] []
[2020-06-17 05:37:07] name.INFO: Cleaning tile 58 on floor carpet [] []
[2020-06-17 05:37:09] name.INFO: Cleaning tile 59 on floor carpet [] []
[2020-06-17 05:37:11] name.INFO: Cleaning tile 60 on floor carpet [] []
[2020-06-17 05:37:13] name.WARNING: Robot battery exhausted and it indicates charging 0% [] []
[2020-06-17 05:37:13] name.INFO: Robot charging started and it tooks 30 seconds!! [] []
[2020-06-17 05:37:43] name.INFO: Robot fully charged!! [] []
